       0      0.1 
       0      0.2 
       0      0.3 
       0      0.4 
       0      0.5 
       0      0.6 
       0      0.7 
0.006094      0.8 
 0.01002      0.9 
 0.02256        1 
 0.03182      1.1 
 0.07192      1.2 
  0.1014      1.3 
  0.1401      1.4 
  0.1883      1.5 
  0.2354      1.6 
  0.3137      1.7 
  0.4036      1.8 
  0.5784      1.9 
   0.595        2 
  0.8871      2.1 
   1.098      2.2 
   1.226      2.3 
   1.194      2.4 
   1.073      2.5 
  0.9166      2.6 
  0.7472      2.7 
  0.7137      2.8 
  0.4991      2.9 
  0.4649        3 
  0.4275      3.1 
  0.3941      3.2 
  0.3147      3.3 
  0.2586      3.4 
  0.2545      3.5 
  0.2284      3.6 
  0.1997      3.7 
  0.1885      3.8 
  0.1889      3.9 
  0.1671        4 
   0.176      4.1 
  0.1505      4.2 
  0.1444      4.3 
  0.1323      4.4 
  0.1214      4.5 
  0.1266      4.6 
  0.1066      4.7 
   0.105      4.8 
  0.1074      4.9 
 0.08932        5 
