       0      0.1 
       0      0.2 
       0      0.3 
       0      0.4 
       0      0.5 
       0      0.6 
0.001134      0.7 
0.004463      0.8 
 0.01283      0.9 
  0.0244        1 
 0.04173      1.1 
 0.07109      1.2 
 0.09965      1.3 
  0.1459      1.4 
  0.2015      1.5 
  0.2413      1.6 
   0.328      1.7 
  0.4107      1.8 
  0.6001      1.9 
  0.6894        2 
  0.9026      2.1 
   1.064      2.2 
   1.665      2.3 
   1.112      2.4 
  0.7644      2.5 
  0.7188      2.6 
  0.5825      2.7 
  0.4945      2.8 
  0.4503      2.9 
  0.3612        3 
  0.3431      3.1 
  0.2945      3.2 
  0.2715      3.3 
   0.255      3.4 
  0.2383      3.5 
  0.2095      3.6 
  0.2138      3.7 
  0.2102      3.8 
  0.1868      3.9 
  0.1727        4 
  0.1548      4.1 
  0.1415      4.2 
  0.1394      4.3 
  0.1296      4.4 
  0.1181      4.5 
  0.1055      4.6 
  0.1137      4.7 
 0.09955      4.8 
  0.1002      4.9 
 0.09329        5 
