       0      0.1 
       0      0.2 
       0      0.3 
       0      0.4 
 0.01584      0.5 
       0      0.6 
       0      0.7 
       0      0.8 
0.009778      0.9 
 0.04332        1 
 0.02284      1.1 
 0.08047      1.2 
  0.1038      1.3 
 0.09471      1.4 
  0.2174      1.5 
  0.2351      1.6 
  0.3788      1.7 
   0.309      1.8 
  0.5432      1.9 
  0.6173        2 
  0.6313      2.1 
  0.6998      2.2 
  0.8179      2.3 
  0.8211      2.4 
   0.748      2.5 
  0.8103      2.6 
  0.7238      2.7 
   0.661      2.8 
  0.6425      2.9 
  0.6268        3 
  0.5484      3.1 
  0.4442      3.2 
  0.4305      3.3 
  0.4148      3.4 
  0.3778      3.5 
  0.3093      3.6 
  0.2919      3.7 
  0.2732      3.8 
  0.2725      3.9 
  0.2399        4 
  0.2306      4.1 
  0.2055      4.2 
  0.1918      4.3 
  0.1619      4.4 
  0.1618      4.5 
  0.1536      4.6 
  0.1384      4.7 
  0.1319      4.8 
  0.1199      4.9 
   0.113        5 
