       0      0.1 
       0      0.2 
       0      0.3 
       0      0.4 
       0      0.5 
       0      0.6 
       0      0.7 
       0      0.8 
 0.03872      0.9 
 0.01584        1 
 0.03901      1.1 
 0.03278      1.2 
 0.06485      1.3 
 0.02408      1.4 
  0.1651      1.5 
   0.225      1.6 
  0.1903      1.7 
  0.2128      1.8 
  0.2392      1.9 
  0.2816        2 
  0.3054      2.1 
  0.3196      2.2 
  0.3152      2.3 
  0.3036      2.4 
  0.3231      2.5 
   0.319      2.6 
  0.3265      2.7 
  0.3382      2.8 
  0.3284      2.9 
  0.3368        3 
  0.3273      3.1 
  0.2972      3.2 
  0.3014      3.3 
  0.2836      3.4 
  0.3057      3.5 
  0.2962      3.6 
  0.2615      3.7 
  0.2697      3.8 
  0.2621      3.9 
    0.26        4 
  0.2629      4.1 
  0.2389      4.2 
  0.2235      4.3 
  0.2175      4.4 
  0.2297      4.5 
  0.2086      4.6 
  0.1946      4.7 
  0.1967      4.8 
  0.1988      4.9 
  0.1787        5 
