       0      0.1 
       0      0.2 
       0      0.3 
       0      0.4 
       0      0.5 
0.0002816      0.6 
0.002466      0.7 
0.004456      0.8 
 0.01233      0.9 
  0.0226        1 
 0.03898      1.1 
 0.06464      1.2 
  0.1039      1.3 
  0.1322      1.4 
  0.1796      1.5 
  0.2644      1.6 
  0.3008      1.7 
   0.395      1.8 
  0.5963      1.9 
  0.7484        2 
   1.101      2.1 
   1.129      2.2 
   1.212      2.3 
    1.11      2.4 
   0.883      2.5 
  0.6836      2.6 
  0.5961      2.7 
  0.5668      2.8 
  0.4255      2.9 
  0.3944        3 
  0.3379      3.1 
  0.3034      3.2 
  0.2819      3.3 
  0.2644      3.4 
  0.2564      3.5 
  0.2332      3.6 
  0.2033      3.7 
  0.1761      3.8 
   0.174      3.9 
  0.1623        4 
  0.1574      4.1 
  0.1406      4.2 
  0.1479      4.3 
  0.1319      4.4 
  0.1258      4.5 
  0.1166      4.6 
  0.1115      4.7 
 0.09426      4.8 
  0.1048      4.9 
 0.08589        5 
