       0      0.1 
       0      0.2 
       0      0.3 
       0      0.4 
       0      0.5 
       0      0.6 
0.001515      0.7 
0.002312      0.8 
 0.01034      0.9 
 0.02284        1 
 0.03997      1.1 
 0.05904      1.2 
 0.09768      1.3 
  0.1321      1.4 
  0.1935      1.5 
  0.2669      1.6 
  0.3589      1.7 
  0.4298      1.8 
  0.5151      1.9 
  0.7088        2 
  0.8983      2.1 
  0.9337      2.2 
   1.435      2.3 
  0.9832      2.4 
  0.9491      2.5 
  0.7262      2.6 
  0.6143      2.7 
  0.5324      2.8 
  0.4974      2.9 
  0.4344        3 
  0.3595      3.1 
  0.3229      3.2 
  0.2846      3.3 
  0.2811      3.4 
   0.238      3.5 
  0.2272      3.6 
  0.2075      3.7 
  0.1902      3.8 
  0.1768      3.9 
  0.1682        4 
  0.1486      4.1 
  0.1403      4.2 
   0.126      4.3 
  0.1348      4.4 
  0.1154      4.5 
  0.1191      4.6 
  0.1002      4.7 
 0.09968      4.8 
 0.09362      4.9 
 0.09064        5 
