       0      0.1 
       0      0.1 
       0      0.1 
       0      0.1 
       0      0.1 
       0      0.1 
       0      0.1 
       0      0.1 
       0      0.1 
       0      0.1 
       0      0.2 
       0      0.2 
       0      0.2 
       0      0.2 
       0      0.2 
       0      0.2 
       0      0.2 
       0      0.2 
       0      0.2 
       0      0.2 
       0      0.3 
       0      0.3 
       0      0.3 
       0      0.3 
       0      0.3 
       0      0.3 
       0      0.3 
       0      0.3 
       0      0.3 
       0      0.3 
       0      0.4 
       0      0.4 
       0      0.4 
       0      0.4 
       0      0.4 
       0      0.4 
       0      0.4 
       0      0.4 
       0      0.4 
       0      0.4 
       0      0.5 
       0      0.5 
       0      0.5 
       0      0.5 
       0      0.5 
       0      0.5 
       0      0.5 
       0      0.5 
       0      0.5 
       0      0.5 
       0      0.6 
       0      0.6 
0.002816      0.6 
       0      0.6 
       0      0.6 
       0      0.6 
       0      0.6 
       0      0.6 
       0      0.6 
       0      0.6 
0.002069      0.7 
0.004096      0.7 
       0      0.7 
0.002069      0.7 
0.004096      0.7 
0.002069      0.7 
       0      0.7 
0.004096      0.7 
0.002069      0.7 
0.004096      0.7 
0.001584      0.8 
0.006144      0.8 
  0.0076      0.8 
0.004656      0.8 
0.004656      0.8 
0.004656      0.8 
0.001584      0.8 
0.009024      0.8 
       0      0.8 
0.004656      0.8 
 0.01775      0.9 
 0.00823      0.9 
0.009304      0.9 
 0.01078      0.9 
  0.0143      0.9 
 0.01612      0.9 
 0.01331      0.9 
 0.01238      0.9 
 0.01078      0.9 
 0.01035      0.9 
 0.01781        1 
 0.03584        1 
 0.02479        1 
 0.02687        1 
 0.01445        1 
 0.03616        1 
    0.02        1 
  0.0151        1 
  0.0219        1 
 0.01306        1 
 0.04755      1.1 
 0.05055      1.1 
 0.03988      1.1 
 0.03912      1.1 
 0.03758      1.1 
 0.02314      1.1 
 0.03929      1.1 
 0.03867      1.1 
 0.03692      1.1 
 0.03712      1.1 
 0.06337      1.2 
 0.05237      1.2 
 0.07248      1.2 
   0.062      1.2 
 0.04633      1.2 
 0.06688      1.2 
 0.06046      1.2 
 0.07606      1.2 
 0.08022      1.2 
 0.06627      1.2 
  0.1113      1.3 
  0.1283      1.3 
 0.07426      1.3 
 0.08128      1.3 
   0.092      1.3 
  0.1036      1.3 
 0.09744      1.3 
 0.08201      1.3 
  0.1151      1.3 
  0.1538      1.3 
  0.1309      1.4 
  0.1439      1.4 
  0.1143      1.4 
  0.1297      1.4 
  0.1533      1.4 
   0.128      1.4 
  0.1165      1.4 
  0.1276      1.4 
  0.1305      1.4 
  0.1476      1.4 
  0.1673      1.5 
  0.1428      1.5 
  0.1326      1.5 
  0.2229      1.5 
  0.1816      1.5 
  0.1915      1.5 
  0.1826      1.5 
   0.203      1.5 
  0.1768      1.5 
   0.195      1.5 
  0.2148      1.6 
  0.2419      1.6 
  0.2656      1.6 
  0.2153      1.6 
  0.3397      1.6 
  0.2509      1.6 
  0.3179      1.6 
  0.2783      1.6 
  0.2009      1.6 
  0.3191      1.6 
  0.3362      1.7 
  0.3576      1.7 
  0.3298      1.7 
  0.2532      1.7 
  0.2536      1.7 
  0.3727      1.7 
  0.3244      1.7 
  0.2854      1.7 
   0.195      1.7 
  0.3001      1.7 
  0.3612      1.8 
  0.4547      1.8 
  0.3818      1.8 
  0.3803      1.8 
  0.3766      1.8 
  0.3948      1.8 
  0.3761      1.8 
  0.4081      1.8 
  0.4174      1.8 
  0.3989      1.8 
   0.591      1.9 
  0.7028      1.9 
  0.5948      1.9 
  0.7135      1.9 
  0.7105      1.9 
  0.4897      1.9 
  0.6357      1.9 
  0.4541      1.9 
  0.5538      1.9 
  0.5173      1.9 
  0.6262        2 
   1.016        2 
  0.8191        2 
  0.6429        2 
  0.7439        2 
   1.037        2 
  0.8106        2 
  0.5898        2 
  0.5544        2 
  0.6439        2 
  0.8468      2.1 
   1.098      2.1 
  0.9288      2.1 
  0.8961      2.1 
   1.266      2.1 
  0.9548      2.1 
  0.8401      2.1 
  0.8206      2.1 
   1.307      2.1 
   2.053      2.1 
  0.8195      2.2 
    1.06      2.2 
   1.137      2.2 
   1.108      2.2 
  0.5793      2.2 
   1.207      2.2 
   1.115      2.2 
  0.8527      2.2 
   2.252      2.2 
   1.162      2.2 
   1.516      2.3 
   1.262      2.3 
  0.9448      2.3 
  0.7736      2.3 
   1.002      2.3 
   1.271      2.3 
   1.245      2.3 
   2.135      2.3 
   1.295      2.3 
  0.6738      2.3 
   1.105      2.4 
   1.403      2.4 
   1.101      2.4 
  0.9834      2.4 
   1.292      2.4 
  0.8927      2.4 
   1.304      2.4 
  0.9384      2.4 
  0.5714      2.4 
   1.508      2.4 
  0.9214      2.5 
   1.034      2.5 
   1.131      2.5 
  0.5387      2.5 
  0.8376      2.5 
  0.8747      2.5 
   0.995      2.5 
  0.7462      2.5 
  0.6592      2.5 
   1.093      2.5 
  0.6964      2.6 
   0.811      2.6 
  0.6394      2.6 
  0.7343      2.6 
  0.5644      2.6 
  0.5722      2.6 
  0.7379      2.6 
  0.5483      2.6 
  0.8146      2.6 
  0.7169      2.6 
  0.5365      2.7 
  0.6205      2.7 
  0.4649      2.7 
   0.681      2.7 
  0.7235      2.7 
  0.8944      2.7 
  0.7529      2.7 
  0.4839      2.7 
  0.4254      2.7 
  0.3778      2.7 
   0.494      2.8 
  0.8688      2.8 
  0.5648      2.8 
  0.5381      2.8 
  0.6529      2.8 
  0.4718      2.8 
  0.4415      2.8 
  0.5723      2.8 
  0.6669      2.8 
  0.3974      2.8 
  0.5155      2.9 
  0.4514      2.9 
  0.3362      2.9 
  0.4996      2.9 
  0.3416      2.9 
  0.4897      2.9 
  0.3271      2.9 
  0.3508      2.9 
  0.4497      2.9 
  0.4933      2.9 
  0.4413        3 
  0.2966        3 
  0.3088        3 
  0.3245        3 
  0.3865        3 
  0.4284        3 
  0.4326        3 
  0.3396        3 
  0.4637        3 
  0.5219        3 
  0.3344      3.1 
  0.4246      3.1 
   0.268      3.1 
  0.3274      3.1 
  0.2717      3.1 
  0.3243      3.1 
    0.35      3.1 
  0.3878      3.1 
  0.3016      3.1 
  0.3893      3.1 
  0.2839      3.2 
  0.2423      3.2 
  0.2588      3.2 
  0.3981      3.2 
  0.3375      3.2 
  0.3378      3.2 
  0.3372      3.2 
  0.2575      3.2 
  0.2637      3.2 
  0.3174      3.2 
  0.2226      3.3 
   0.198      3.3 
  0.3069      3.3 
  0.2479      3.3 
  0.3963      3.3 
  0.3469      3.3 
  0.1856      3.3 
   0.355      3.3 
  0.2738      3.3 
  0.2862      3.3 
  0.2918      3.4 
  0.2242      3.4 
  0.2691      3.4 
  0.2277      3.4 
  0.2982      3.4 
  0.2526      3.4 
  0.2829      3.4 
  0.2145      3.4 
  0.2823      3.4 
  0.3004      3.4 
  0.3073      3.5 
  0.2465      3.5 
  0.2618      3.5 
   0.212      3.5 
  0.2973      3.5 
   0.276      3.5 
  0.2699      3.5 
  0.2104      3.5 
  0.2795      3.5 
  0.2031      3.5 
  0.2692      3.6 
  0.3216      3.6 
  0.2298      3.6 
  0.2607      3.6 
  0.2228      3.6 
  0.2164      3.6 
  0.2783      3.6 
  0.1698      3.6 
  0.1782      3.6 
  0.1851      3.6 
   0.228      3.7 
  0.2194      3.7 
  0.2564      3.7 
  0.2057      3.7 
   0.121      3.7 
   0.181      3.7 
  0.1937      3.7 
  0.2198      3.7 
  0.1739      3.7 
  0.2347      3.7 
  0.1928      3.8 
  0.1743      3.8 
  0.1843      3.8 
  0.2181      3.8 
  0.1936      3.8 
  0.1489      3.8 
  0.1708      3.8 
  0.1416      3.8 
  0.1557      3.8 
  0.1812      3.8 
  0.1895      3.9 
  0.1753      3.9 
  0.1537      3.9 
  0.2286      3.9 
   0.143      3.9 
  0.1539      3.9 
   0.186      3.9 
  0.1881      3.9 
  0.1641      3.9 
  0.1579      3.9 
  0.1618        4 
  0.1718        4 
  0.2193        4 
  0.1211        4 
  0.1733        4 
  0.1578        4 
  0.1411        4 
  0.1256        4 
  0.1467        4 
  0.2048        4 
  0.2038      4.1 
  0.1592      4.1 
  0.1932      4.1 
  0.1733      4.1 
  0.1405      4.1 
  0.1632      4.1 
  0.1294      4.1 
  0.1517      4.1 
  0.1192      4.1 
    0.14      4.1 
  0.1316      4.2 
  0.1513      4.2 
  0.1306      4.2 
  0.1262      4.2 
  0.1317      4.2 
  0.1362      4.2 
  0.1274      4.2 
  0.1577      4.2 
  0.1509      4.2 
  0.1629      4.2 
   0.138      4.3 
  0.1197      4.3 
  0.1281      4.3 
  0.1399      4.3 
  0.1929      4.3 
   0.144      4.3 
  0.1947      4.3 
  0.1613      4.3 
  0.1293      4.3 
  0.1306      4.3 
  0.1075      4.4 
  0.1368      4.4 
  0.1252      4.4 
   0.171      4.4 
  0.1151      4.4 
  0.1073      4.4 
  0.1649      4.4 
  0.1587      4.4 
  0.1366      4.4 
 0.09606      4.4 
 0.08678      4.5 
  0.1354      4.5 
  0.1092      4.5 
  0.1344      4.5 
   0.149      4.5 
 0.09928      4.5 
  0.1304      4.5 
  0.1073      4.5 
  0.1391      4.5 
  0.1676      4.5 
 0.09908      4.6 
  0.1331      4.6 
  0.1149      4.6 
  0.1254      4.6 
  0.1177      4.6 
 0.07678      4.6 
  0.1412      4.6 
  0.1365      4.6 
  0.1038      4.6 
   0.117      4.6 
   0.109      4.7 
  0.1128      4.7 
  0.1259      4.7 
 0.08679      4.7 
 0.07958      4.7 
  0.1421      4.7 
  0.1068      4.7 
   0.113      4.7 
  0.1225      4.7 
  0.1164      4.7 
 0.09436      4.8 
  0.1069      4.8 
  0.1019      4.8 
  0.1137      4.8 
 0.06864      4.8 
 0.07012      4.8 
  0.1113      4.8 
 0.09876      4.8 
 0.08482      4.8 
 0.09212      4.8 
 0.09823      4.9 
 0.09079      4.9 
  0.1107      4.9 
 0.09879      4.9 
  0.1404      4.9 
  0.1104      4.9 
 0.08855      4.9 
  0.1265      4.9 
  0.0791      4.9 
  0.1048      4.9 
 0.07988        5 
  0.1006        5 
 0.07593        5 
 0.08256        5 
 0.08208        5 
 0.09342        5 
 0.08903        5 
 0.08483        5 
 0.08536        5 
 0.08522        5 
