       0      0.1 
       0      0.1 
       0      0.1 
       0      0.1 
       0      0.1 
       0      0.1 
       0      0.1 
       0      0.1 
       0      0.1 
       0      0.1 
       0      0.2 
       0      0.2 
       0      0.2 
       0      0.2 
       0      0.2 
       0      0.2 
       0      0.2 
       0      0.2 
       0      0.2 
       0      0.2 
       0      0.3 
       0      0.3 
       0      0.3 
       0      0.3 
       0      0.3 
       0      0.3 
       0      0.3 
       0      0.3 
       0      0.3 
       0      0.3 
       0      0.4 
       0      0.4 
       0      0.4 
       0      0.4 
       0      0.4 
       0      0.4 
       0      0.4 
       0      0.4 
       0      0.4 
       0      0.4 
       0      0.5 
       0      0.5 
       0      0.5 
       0      0.5 
       0      0.5 
       0      0.5 
       0      0.5 
       0      0.5 
       0      0.5 
       0      0.5 
       0      0.6 
       0      0.6 
       0      0.6 
       0      0.6 
       0      0.6 
       0      0.6 
       0      0.6 
       0      0.6 
       0      0.6 
       0      0.6 
       0      0.7 
       0      0.7 
       0      0.7 
       0      0.7 
0.005051      0.7 
       0      0.7 
       0      0.7 
0.005051      0.7 
0.005051      0.7 
       0      0.7 
       0      0.8 
       0      0.8 
       0      0.8 
       0      0.8 
0.003867      0.8 
0.003867      0.8 
       0      0.8 
0.003867      0.8 
0.007656      0.8 
0.003867      0.8 
0.006049      0.9 
 0.01466      0.9 
0.008981      0.9 
0.008981      0.9 
 0.02889      0.9 
 0.01466      0.9 
0.006049      0.9 
0.003056      0.9 
0.006049      0.9 
0.006049      0.9 
  0.0184        1 
 0.02948        1 
  0.0436        1 
  0.0275        1 
 0.02048        1 
 0.02548        1 
 0.02337        1 
 0.01187        1 
  0.0141        1 
  0.0141        1 
 0.04977      1.1 
 0.02861      1.1 
 0.05824      1.1 
 0.04597      1.1 
 0.03964      1.1 
 0.03138      1.1 
 0.02861      1.1 
 0.03811      1.1 
 0.04762      1.1 
 0.03171      1.1 
 0.05436      1.2 
 0.09592      1.2 
 0.04724      1.2 
 0.07758      1.2 
 0.07019      1.2 
 0.05265      1.2 
 0.05039      1.2 
 0.05418      1.2 
 0.03125      1.2 
 0.05664      1.2 
  0.0875      1.3 
   0.129      1.3 
 0.07839      1.3 
 0.09161      1.3 
 0.08056      1.3 
   0.123      1.3 
 0.09421      1.3 
 0.09318      1.3 
   0.105      1.3 
  0.0943      1.3 
  0.1072      1.4 
  0.1158      1.4 
  0.1043      1.4 
  0.1386      1.4 
  0.1529      1.4 
  0.1172      1.4 
  0.1276      1.4 
  0.1387      1.4 
  0.1654      1.4 
  0.1534      1.4 
  0.2533      1.5 
   0.228      1.5 
  0.1444      1.5 
  0.1561      1.5 
  0.2121      1.5 
  0.2084      1.5 
  0.2162      1.5 
  0.1714      1.5 
  0.1797      1.5 
  0.1653      1.5 
  0.3079      1.6 
  0.2652      1.6 
   0.213      1.6 
  0.2742      1.6 
  0.2832      1.6 
  0.3074      1.6 
  0.2663      1.6 
  0.2422      1.6 
  0.2112      1.6 
  0.2988      1.6 
  0.3134      1.7 
   0.274      1.7 
  0.4502      1.7 
  0.3648      1.7 
  0.3521      1.7 
   0.334      1.7 
  0.2766      1.7 
  0.4323      1.7 
  0.3659      1.7 
  0.4254      1.7 
  0.5404      1.8 
  0.3811      1.8 
  0.5097      1.8 
  0.4177      1.8 
  0.4967      1.8 
  0.3555      1.8 
  0.3392      1.8 
  0.4302      1.8 
  0.4473      1.8 
  0.3798      1.8 
   0.487      1.9 
  0.4917      1.9 
  0.3377      1.9 
  0.6221      1.9 
  0.5163      1.9 
  0.5937      1.9 
   0.402      1.9 
  0.5132      1.9 
  0.6468      1.9 
  0.5402      1.9 
  0.5314        2 
  0.8217        2 
  0.7847        2 
  0.9248        2 
  0.6532        2 
  0.5389        2 
  0.5251        2 
  0.8588        2 
  0.6874        2 
  0.7623        2 
   0.856      2.1 
    1.31      2.1 
  0.8021      2.1 
   0.741      2.1 
  0.8541      2.1 
  0.6675      2.1 
   1.027      2.1 
   1.173      2.1 
  0.6628      2.1 
  0.8882      2.1 
    1.09      2.2 
  0.5956      2.2 
  0.8171      2.2 
   1.227      2.2 
  0.7447      2.2 
   1.042      2.2 
  0.7377      2.2 
   1.072      2.2 
  0.7898      2.2 
   1.222      2.2 
   1.174      2.3 
   2.508      2.3 
   1.238      2.3 
   0.947      2.3 
   1.077      2.3 
  0.9544      2.3 
   1.035      2.3 
   1.445      2.3 
   1.827      2.3 
   2.149      2.3 
   1.135      2.4 
  0.9969      2.4 
   1.347      2.4 
  0.8697      2.4 
  0.9625      2.4 
   0.904      2.4 
   1.041      2.4 
  0.8858      2.4 
  0.7724      2.4 
  0.9182      2.4 
  0.9217      2.5 
  0.6817      2.5 
   1.273      2.5 
  0.8625      2.5 
  0.8121      2.5 
  0.8489      2.5 
  0.8654      2.5 
   1.033      2.5 
  0.8883      2.5 
   1.304      2.5 
  0.8146      2.6 
  0.7405      2.6 
  0.6478      2.6 
  0.9383      2.6 
  0.8709      2.6 
  0.5136      2.6 
  0.7438      2.6 
  0.3905      2.6 
  0.8447      2.6 
  0.7569      2.6 
  0.7309      2.7 
  0.3654      2.7 
  0.7405      2.7 
  0.5729      2.7 
  0.6681      2.7 
  0.5265      2.7 
  0.7239      2.7 
  0.8567      2.7 
  0.5358      2.7 
  0.4225      2.7 
  0.5568      2.8 
  0.6743      2.8 
  0.6932      2.8 
  0.3589      2.8 
  0.3985      2.8 
   0.566      2.8 
  0.5776      2.8 
  0.5274      2.8 
   0.451      2.8 
  0.5205      2.8 
   0.475      2.9 
   0.565      2.9 
  0.4968      2.9 
  0.3534      2.9 
  0.5729      2.9 
  0.4396      2.9 
  0.4908      2.9 
  0.6471      2.9 
  0.4312      2.9 
  0.5023      2.9 
  0.5688        3 
  0.4595        3 
  0.4926        3 
  0.3806        3 
  0.3923        3 
    0.34        3 
  0.4693        3 
  0.3649        3 
  0.4638        3 
  0.4123        3 
  0.3428      3.1 
  0.3341      3.1 
  0.3511      3.1 
  0.3168      3.1 
  0.4389      3.1 
  0.3092      3.1 
  0.4102      3.1 
  0.3137      3.1 
  0.3839      3.1 
  0.3939      3.1 
   0.262      3.2 
   0.301      3.2 
  0.3066      3.2 
  0.2572      3.2 
  0.4123      3.2 
  0.3813      3.2 
  0.4327      3.2 
   0.255      3.2 
  0.3287      3.2 
  0.2926      3.2 
  0.3238      3.3 
  0.2685      3.3 
  0.2781      3.3 
  0.3019      3.3 
  0.2712      3.3 
  0.2558      3.3 
  0.2612      3.3 
  0.3003      3.3 
  0.3065      3.3 
  0.2784      3.3 
  0.3508      3.4 
  0.2207      3.4 
  0.2965      3.4 
  0.1941      3.4 
   0.413      3.4 
  0.2259      3.4 
  0.2768      3.4 
  0.3019      3.4 
  0.3141      3.4 
  0.2175      3.4 
  0.1865      3.5 
  0.2429      3.5 
  0.2398      3.5 
  0.2016      3.5 
  0.3353      3.5 
  0.2792      3.5 
  0.2582      3.5 
  0.2323      3.5 
  0.2099      3.5 
  0.1946      3.5 
  0.2307      3.6 
  0.1893      3.6 
  0.2777      3.6 
  0.2102      3.6 
  0.2157      3.6 
  0.2783      3.6 
  0.1925      3.6 
  0.2346      3.6 
  0.2329      3.6 
  0.2103      3.6 
  0.1888      3.7 
  0.2525      3.7 
  0.1844      3.7 
  0.2063      3.7 
   0.209      3.7 
  0.1655      3.7 
  0.1943      3.7 
  0.2251      3.7 
  0.2285      3.7 
  0.2202      3.7 
  0.1784      3.8 
  0.1809      3.8 
  0.2338      3.8 
  0.1827      3.8 
  0.1964      3.8 
  0.1731      3.8 
  0.1973      3.8 
  0.2073      3.8 
  0.1754      3.8 
  0.1768      3.8 
  0.1943      3.9 
  0.1876      3.9 
  0.1755      3.9 
  0.1886      3.9 
  0.1737      3.9 
  0.1966      3.9 
   0.229      3.9 
  0.1569      3.9 
  0.1305      3.9 
  0.1353      3.9 
  0.1417        4 
  0.1602        4 
  0.2234        4 
  0.1827        4 
  0.1205        4 
   0.177        4 
   0.149        4 
  0.1416        4 
  0.1627        4 
  0.2232        4 
  0.1243      4.1 
  0.1815      4.1 
  0.1229      4.1 
   0.189      4.1 
  0.1284      4.1 
  0.1853      4.1 
  0.1591      4.1 
  0.1536      4.1 
  0.1311      4.1 
  0.1112      4.1 
  0.1373      4.2 
  0.1017      4.2 
  0.2235      4.2 
  0.1205      4.2 
  0.1349      4.2 
  0.1213      4.2 
  0.1377      4.2 
  0.1372      4.2 
  0.1391      4.2 
  0.1493      4.2 
  0.1575      4.3 
 0.08616      4.3 
  0.1549      4.3 
 0.08682      4.3 
   0.116      4.3 
  0.1351      4.3 
  0.1449      4.3 
  0.1206      4.3 
  0.1212      4.3 
  0.1371      4.3 
  0.1533      4.4 
  0.1145      4.4 
  0.1259      4.4 
  0.1423      4.4 
  0.1676      4.4 
   0.126      4.4 
  0.1368      4.4 
  0.1144      4.4 
  0.1597      4.4 
  0.1074      4.4 
  0.1168      4.5 
  0.1185      4.5 
 0.08383      4.5 
  0.1471      4.5 
  0.1159      4.5 
  0.1132      4.5 
   0.125      4.5 
  0.1156      4.5 
   0.113      4.5 
  0.1049      4.5 
   0.134      4.6 
   0.112      4.6 
  0.1175      4.6 
  0.1052      4.6 
  0.1196      4.6 
  0.1248      4.6 
  0.1143      4.6 
  0.1231      4.6 
  0.1009      4.6 
  0.1398      4.6 
 0.09997      4.7 
  0.1302      4.7 
  0.1071      4.7 
    0.11      4.7 
 0.08546      4.7 
  0.0888      4.7 
  0.1008      4.7 
 0.09003      4.7 
 0.09541      4.7 
 0.09461      4.7 
  0.1251      4.8 
  0.0639      4.8 
  0.1127      4.8 
  0.1105      4.8 
  0.1007      4.8 
 0.08088      4.8 
 0.09184      4.8 
  0.0954      4.8 
  0.1088      4.8 
   0.107      4.8 
 0.08855      4.9 
  0.1058      4.9 
 0.09559      4.9 
 0.09095      4.9 
 0.08681      4.9 
  0.1033      4.9 
  0.0881      4.9 
 0.08025      4.9 
  0.1054      4.9 
 0.09133      4.9 
 0.09537        5 
 0.07797        5 
  0.1177        5 
  0.1038        5 
 0.09167        5 
 0.06182        5 
 0.07142        5 
 0.08683        5 
 0.08949        5 
  0.1103        5 
