       0      0.1 
       0      0.1 
       0      0.1 
       0      0.1 
       0      0.1 
       0      0.1 
       0      0.1 
       0      0.1 
       0      0.1 
       0      0.1 
       0      0.2 
       0      0.2 
       0      0.2 
       0      0.2 
       0      0.2 
       0      0.2 
       0      0.2 
       0      0.2 
       0      0.2 
       0      0.2 
       0      0.3 
       0      0.3 
       0      0.3 
       0      0.3 
       0      0.3 
       0      0.3 
       0      0.3 
       0      0.3 
       0      0.3 
       0      0.3 
       0      0.4 
       0      0.4 
       0      0.4 
       0      0.4 
       0      0.4 
       0      0.4 
       0      0.4 
       0      0.4 
       0      0.4 
       0      0.4 
       0      0.5 
       0      0.5 
       0      0.5 
       0      0.5 
       0      0.5 
       0      0.5 
       0      0.5 
       0      0.5 
       0      0.5 
       0      0.5 
       0      0.6 
       0      0.6 
       0      0.6 
       0      0.6 
       0      0.6 
       0      0.6 
       0      0.6 
       0      0.6 
       0      0.6 
       0      0.6 
0.001263      0.7 
       0      0.7 
  0.0025      0.7 
       0      0.7 
       0      0.7 
       0      0.7 
0.001263      0.7 
       0      0.7 
0.001263      0.7 
0.005051      0.7 
 0.00375      0.8 
0.001914      0.8 
0.002842      0.8 
       0      0.8 
0.009951      0.8 
0.004639      0.8 
0.002842      0.8 
0.004031      0.8 
0.007998      0.8 
0.006667      0.8 
 0.01191      0.9 
 0.01397      0.9 
0.006944      0.9 
 0.01037      0.9 
0.009691      0.9 
 0.01813      0.9 
 0.01678      0.9 
 0.02292      0.9 
 0.01254      0.9 
0.005023      0.9 
 0.03108        1 
 0.02603        1 
 0.01747        1 
 0.02757        1 
 0.02366        1 
 0.03053        1 
 0.03152        1 
 0.01987        1 
 0.01837        1 
 0.01793        1 
  0.0452      1.1 
 0.03406      1.1 
 0.05545      1.1 
 0.06251      1.1 
    0.04      1.1 
 0.03391      1.1 
 0.03168      1.1 
 0.03345      1.1 
 0.03494      1.1 
 0.04607      1.1 
 0.07657      1.2 
 0.06361      1.2 
 0.06686      1.2 
 0.05774      1.2 
 0.07313      1.2 
 0.08159      1.2 
 0.08341      1.2 
 0.06779      1.2 
 0.07197      1.2 
 0.06822      1.2 
  0.1114      1.3 
 0.07353      1.3 
  0.1177      1.3 
  0.1002      1.3 
  0.1064      1.3 
  0.1036      1.3 
  0.1103      1.3 
 0.06939      1.3 
   0.105      1.3 
 0.09902      1.3 
  0.1187      1.4 
  0.1994      1.4 
  0.1444      1.4 
  0.1525      1.4 
   0.145      1.4 
  0.1738      1.4 
  0.1097      1.4 
  0.1824      1.4 
  0.1259      1.4 
  0.1066      1.4 
  0.2149      1.5 
  0.2209      1.5 
  0.1701      1.5 
  0.2713      1.5 
   0.162      1.5 
  0.2018      1.5 
  0.1792      1.5 
  0.1907      1.5 
  0.2261      1.5 
  0.1776      1.5 
  0.2305      1.6 
  0.3426      1.6 
  0.2694      1.6 
  0.1753      1.6 
  0.1969      1.6 
   0.225      1.6 
  0.2196      1.6 
  0.2774      1.6 
  0.2864      1.6 
  0.1899      1.6 
  0.2508      1.7 
  0.3457      1.7 
  0.2751      1.7 
  0.3175      1.7 
  0.3566      1.7 
  0.2783      1.7 
  0.2831      1.7 
  0.5293      1.7 
  0.3188      1.7 
   0.325      1.7 
  0.3101      1.8 
  0.4823      1.8 
  0.4527      1.8 
  0.4251      1.8 
  0.4654      1.8 
  0.3476      1.8 
  0.4131      1.8 
  0.3621      1.8 
   0.433      1.8 
  0.4159      1.8 
  0.7848      1.9 
  0.5559      1.9 
  0.3426      1.9 
  0.6241      1.9 
  0.7186      1.9 
  0.7452      1.9 
  0.7116      1.9 
  0.3924      1.9 
  0.5631      1.9 
  0.5632      1.9 
   1.087        2 
  0.7354        2 
   0.799        2 
  0.6109        2 
  0.4539        2 
  0.7995        2 
  0.5534        2 
  0.5245        2 
  0.7056        2 
  0.6253        2 
  0.6764      2.1 
  0.9923      2.1 
   1.024      2.1 
  0.9277      2.1 
  0.7372      2.1 
  0.8246      2.1 
   1.317      2.1 
  0.7992      2.1 
  0.6855      2.1 
   1.042      2.1 
    1.18      2.2 
  0.8157      2.2 
    1.03      2.2 
  0.7982      2.2 
   1.025      2.2 
  0.8933      2.2 
  0.7835      2.2 
   1.562      2.2 
   1.461      2.2 
   1.089      2.2 
   1.799      2.3 
   1.849      2.3 
   1.139      2.3 
  0.8209      2.3 
    1.38      2.3 
    1.92      2.3 
   1.192      2.3 
  0.7896      2.3 
   1.717      2.3 
    1.34      2.3 
  0.9709      2.4 
   1.126      2.4 
   1.386      2.4 
   1.073      2.4 
  0.7713      2.4 
    1.36      2.4 
    1.02      2.4 
  0.8263      2.4 
  0.9983      2.4 
   1.583      2.4 
  0.6233      2.5 
  0.7149      2.5 
  0.5196      2.5 
  0.8768      2.5 
  0.9617      2.5 
  0.8871      2.5 
   0.702      2.5 
  0.7208      2.5 
    0.82      2.5 
  0.8174      2.5 
  0.9074      2.6 
  0.7592      2.6 
  0.6034      2.6 
  0.8089      2.6 
   0.574      2.6 
  0.5568      2.6 
    0.74      2.6 
  0.5361      2.6 
  0.6894      2.6 
   1.013      2.6 
  0.8846      2.7 
  0.5658      2.7 
  0.4878      2.7 
  0.6671      2.7 
  0.4677      2.7 
  0.5291      2.7 
  0.5557      2.7 
  0.4609      2.7 
  0.5666      2.7 
  0.6398      2.7 
  0.4801      2.8 
  0.3856      2.8 
  0.5663      2.8 
  0.4141      2.8 
  0.4111      2.8 
  0.5412      2.8 
  0.4162      2.8 
  0.5723      2.8 
  0.5872      2.8 
   0.571      2.8 
  0.4848      2.9 
   0.486      2.9 
  0.4966      2.9 
  0.4679      2.9 
  0.3243      2.9 
  0.3899      2.9 
  0.4531      2.9 
  0.4793      2.9 
  0.4441      2.9 
  0.4766      2.9 
   0.427        3 
  0.2901        3 
    0.46        3 
  0.3435        3 
  0.3852        3 
  0.3587        3 
  0.2916        3 
  0.4006        3 
  0.3482        3 
  0.3075        3 
  0.3114      3.1 
  0.2327      3.1 
  0.4384      3.1 
  0.2991      3.1 
  0.2879      3.1 
   0.456      3.1 
  0.2909      3.1 
  0.3402      3.1 
  0.4426      3.1 
  0.3315      3.1 
  0.3402      3.2 
  0.2695      3.2 
  0.2889      3.2 
  0.2142      3.2 
  0.2145      3.2 
  0.3201      3.2 
  0.3446      3.2 
  0.2861      3.2 
  0.3066      3.2 
  0.3599      3.2 
  0.2955      3.3 
   0.311      3.3 
  0.3112      3.3 
  0.2587      3.3 
  0.2759      3.3 
  0.2183      3.3 
  0.2763      3.3 
  0.3038      3.3 
  0.2214      3.3 
  0.2434      3.3 
  0.2094      3.4 
  0.2621      3.4 
   0.248      3.4 
  0.2216      3.4 
  0.3178      3.4 
   0.303      3.4 
   0.197      3.4 
  0.3202      3.4 
  0.2236      3.4 
  0.2472      3.4 
  0.2558      3.5 
  0.2718      3.5 
  0.2405      3.5 
  0.1812      3.5 
  0.2565      3.5 
   0.236      3.5 
  0.2463      3.5 
  0.2242      3.5 
  0.2697      3.5 
  0.2012      3.5 
  0.1658      3.6 
  0.2643      3.6 
  0.1675      3.6 
  0.2546      3.6 
  0.1832      3.6 
  0.2096      3.6 
  0.2307      3.6 
  0.2654      3.6 
  0.1494      3.6 
  0.2044      3.6 
  0.2802      3.7 
  0.1642      3.7 
  0.2005      3.7 
  0.2703      3.7 
  0.2437      3.7 
  0.1478      3.7 
  0.1946      3.7 
   0.248      3.7 
  0.1211      3.7 
  0.2673      3.7 
  0.2358      3.8 
  0.1918      3.8 
  0.2262      3.8 
  0.2711      3.8 
  0.1691      3.8 
  0.1684      3.8 
   0.216      3.8 
  0.1828      3.8 
  0.2242      3.8 
   0.217      3.8 
  0.1564      3.9 
  0.2568      3.9 
  0.1797      3.9 
  0.1337      3.9 
  0.1356      3.9 
  0.2658      3.9 
  0.1781      3.9 
  0.2144      3.9 
  0.1345      3.9 
  0.2134      3.9 
  0.1538        4 
   0.163        4 
   0.233        4 
   0.202        4 
  0.1377        4 
  0.1641        4 
   0.187        4 
  0.1477        4 
  0.1886        4 
  0.1496        4 
  0.1267      4.1 
  0.1615      4.1 
  0.1403      4.1 
  0.1623      4.1 
   0.196      4.1 
  0.1452      4.1 
  0.1729      4.1 
  0.1556      4.1 
  0.1594      4.1 
  0.1286      4.1 
  0.1778      4.2 
  0.1648      4.2 
   0.151      4.2 
  0.1253      4.2 
  0.1113      4.2 
  0.1078      4.2 
  0.1475      4.2 
  0.1317      4.2 
  0.1283      4.2 
  0.1695      4.2 
  0.1309      4.3 
  0.1287      4.3 
  0.1436      4.3 
   0.118      4.3 
  0.1554      4.3 
  0.1238      4.3 
  0.1508      4.3 
   0.139      4.3 
  0.1538      4.3 
  0.1499      4.3 
  0.1343      4.4 
  0.1232      4.4 
  0.1491      4.4 
  0.1552      4.4 
  0.1311      4.4 
  0.1344      4.4 
  0.1254      4.4 
  0.1042      4.4 
  0.1324      4.4 
  0.1064      4.4 
  0.1009      4.5 
  0.1036      4.5 
  0.1185      4.5 
  0.1591      4.5 
  0.1232      4.5 
   0.121      4.5 
 0.08621      4.5 
  0.1616      4.5 
   0.125      4.5 
 0.08232      4.5 
  0.1116      4.6 
  0.0795      4.6 
  0.1284      4.6 
  0.1178      4.6 
  0.1209      4.6 
 0.08213      4.6 
 0.09359      4.6 
  0.1221      4.6 
  0.1247      4.6 
 0.07447      4.6 
  0.1508      4.7 
  0.1271      4.7 
   0.112      4.7 
 0.09841      4.7 
   0.111      4.7 
  0.1378      4.7 
 0.09442      4.7 
 0.08929      4.7 
  0.1099      4.7 
  0.1067      4.7 
  0.1023      4.8 
  0.1163      4.8 
 0.08054      4.8 
 0.09948      4.8 
 0.08025      4.8 
  0.1097      4.8 
  0.1005      4.8 
   0.108      4.8 
 0.09754      4.8 
  0.1009      4.8 
 0.08694      4.9 
 0.09491      4.9 
  0.1121      4.9 
  0.1104      4.9 
   0.096      4.9 
 0.09456      4.9 
  0.1002      4.9 
   0.105      4.9 
 0.08519      4.9 
  0.1163      4.9 
  0.1021        5 
 0.08552        5 
  0.0941        5 
 0.08891        5 
 0.07743        5 
   0.112        5 
  0.1032        5 
 0.06449        5 
  0.1034        5 
  0.1018        5 
