       0      0.1 
       0      0.1 
       0      0.1 
       0      0.1 
       0      0.1 
       0      0.1 
       0      0.1 
       0      0.1 
       0      0.1 
       0      0.1 
       0      0.2 
       0      0.2 
       0      0.2 
       0      0.2 
       0      0.2 
       0      0.2 
       0      0.2 
       0      0.2 
       0      0.2 
       0      0.2 
       0      0.3 
       0      0.3 
       0      0.3 
       0      0.3 
       0      0.3 
       0      0.3 
       0      0.3 
       0      0.3 
       0      0.3 
       0      0.3 
       0      0.4 
       0      0.4 
       0      0.4 
       0      0.4 
       0      0.4 
       0      0.4 
       0      0.4 
       0      0.4 
       0      0.4 
       0      0.4 
       0      0.5 
       0      0.5 
       0      0.5 
       0      0.5 
       0      0.5 
       0      0.5 
       0      0.5 
       0      0.5 
       0      0.5 
       0      0.5 
       0      0.6 
       0      0.6 
       0      0.6 
       0      0.6 
       0      0.6 
       0      0.6 
       0      0.6 
       0      0.6 
       0      0.6 
       0      0.6 
       0      0.7 
       0      0.7 
       0      0.7 
       0      0.7 
       0      0.7 
       0      0.7 
       0      0.7 
       0      0.7 
       0      0.7 
       0      0.7 
 0.04547      0.8 
       0      0.8 
       0      0.8 
       0      0.8 
       0      0.8 
       0      0.8 
       0      0.8 
 0.01547      0.8 
       0      0.8 
       0      0.8 
  0.0242      0.9 
 0.01222      0.9 
       0      0.9 
 0.01222      0.9 
       0      0.9 
 0.01222      0.9 
 0.03935      0.9 
       0      0.9 
       0      0.9 
       0      0.9 
       0        1 
  0.0384        1 
  0.0196        1 
  0.0291        1 
       0        1 
  0.0291        1 
  0.0291        1 
  0.0291        1 
 0.04128        1 
  0.0099        1 
 0.02405      1.1 
 0.03174      1.1 
 0.03174      1.1 
0.008182      1.1 
 0.02405      1.1 
 0.03926      1.1 
 0.02405      1.1 
 0.04171      1.1 
  0.0162      1.1 
 0.07725      1.1 
 0.07639      1.2 
 0.06799      1.2 
 0.03299      1.2 
 0.04521      1.2 
  0.1426      1.2 
 0.07589      1.2 
 0.07639      1.2 
 0.05922      1.2 
 0.05687      1.2 
 0.08575      1.2 
  0.1062      1.3 
  0.1056      1.3 
 0.08308      1.3 
 0.07354      1.3 
 0.04355      1.3 
 0.09615      1.3 
  0.1279      1.3 
 0.09851      1.3 
 0.08537      1.3 
  0.1938      1.3 
  0.1513      1.4 
  0.1744      1.4 
  0.1048      1.4 
  0.1411      1.4 
  0.1531      1.4 
  0.1876      1.4 
  0.1178      1.4 
 0.04592      1.4 
   0.166      1.4 
   0.159      1.4 
  0.1417      1.5 
  0.1793      1.5 
  0.1478      1.5 
  0.1967      1.5 
  0.2194      1.5 
  0.1978      1.5 
  0.1727      1.5 
  0.1808      1.5 
  0.2487      1.5 
  0.1978      1.5 
  0.2168      1.6 
  0.1855      1.6 
  0.3155      1.6 
  0.1729      1.6 
  0.2119      1.6 
  0.2226      1.6 
  0.2502      1.6 
  0.2029      1.6 
  0.3229      1.6 
  0.2525      1.6 
  0.3116      1.7 
  0.3766      1.7 
  0.1981      1.7 
  0.3174      1.7 
  0.3752      1.7 
  0.3324      1.7 
   0.468      1.7 
  0.2061      1.7 
  0.2773      1.7 
   0.274      1.7 
    0.33      1.8 
  0.2966      1.8 
  0.5226      1.8 
  0.4503      1.8 
  0.4437      1.8 
  0.4375      1.8 
  0.2473      1.8 
  0.4063      1.8 
  0.4848      1.8 
  0.4172      1.8 
   0.572      1.9 
  0.5569      1.9 
  0.7339      1.9 
  0.6352      1.9 
  0.4996      1.9 
  0.3312      1.9 
   0.937      1.9 
  0.4298      1.9 
  0.5074      1.9 
  0.5812      1.9 
  0.6861        2 
  0.7806        2 
  0.5721        2 
   0.763        2 
  0.5923        2 
  0.6466        2 
  0.5555        2 
  0.4518        2 
  0.4116        2 
  0.4901        2 
  0.7895      2.1 
  0.6276      2.1 
   1.023      2.1 
  0.9423      2.1 
  0.8398      2.1 
  0.8198      2.1 
  0.6648      2.1 
   1.176      2.1 
   1.085      2.1 
  0.9021      2.1 
   1.145      2.2 
   1.056      2.2 
   1.193      2.2 
     1.6      2.2 
   1.161      2.2 
  0.7617      2.2 
   1.245      2.2 
  0.9594      2.2 
  0.8782      2.2 
  0.9783      2.2 
   1.562      2.3 
   1.193      2.3 
   0.883      2.3 
   1.552      2.3 
   1.317      2.3 
   1.127      2.3 
   1.184      2.3 
  0.8936      2.3 
   1.172      2.3 
   1.375      2.3 
   1.239      2.4 
  0.7981      2.4 
   1.015      2.4 
   1.249      2.4 
   1.416      2.4 
   1.043      2.4 
   1.196      2.4 
   1.544      2.4 
   1.451      2.4 
   0.991      2.4 
   1.138      2.5 
   1.073      2.5 
   1.012      2.5 
   1.153      2.5 
  0.8083      2.5 
  0.7651      2.5 
   1.207      2.5 
  0.9867      2.5 
   1.102      2.5 
   1.483      2.5 
  0.9687      2.6 
   1.195      2.6 
  0.9892      2.6 
  0.7104      2.6 
   1.132      2.6 
  0.9797      2.6 
   1.008      2.6 
  0.7242      2.6 
  0.8054      2.6 
  0.6534      2.6 
  0.7108      2.7 
  0.7598      2.7 
  0.7235      2.7 
  0.5326      2.7 
  0.5717      2.7 
    1.09      2.7 
  0.5967      2.7 
  0.7427      2.7 
  0.9503      2.7 
  0.7934      2.7 
  0.5664      2.8 
  0.6008      2.8 
  0.7152      2.8 
  0.8887      2.8 
  0.6927      2.8 
  0.6336      2.8 
  0.9577      2.8 
  0.8339      2.8 
  0.5275      2.8 
  0.7202      2.8 
  0.5853      2.9 
  0.4839      2.9 
   0.508      2.9 
  0.3766      2.9 
  0.4324      2.9 
  0.5375      2.9 
  0.2238      2.9 
  0.6114      2.9 
  0.4442      2.9 
  0.7876      2.9 
  0.4488        3 
  0.5838        3 
  0.4097        3 
  0.5489        3 
  0.5195        3 
  0.3853        3 
   0.534        3 
  0.2963        3 
  0.4878        3 
  0.4347        3 
  0.3696      3.1 
  0.5052      3.1 
  0.4547      3.1 
  0.5853      3.1 
   0.336      3.1 
  0.4066      3.1 
  0.4361      3.1 
  0.3025      3.1 
  0.4433      3.1 
  0.4358      3.1 
  0.3233      3.2 
  0.4183      3.2 
  0.3605      3.2 
  0.3442      3.2 
  0.5431      3.2 
  0.4571      3.2 
  0.4351      3.2 
  0.2973      3.2 
  0.4167      3.2 
  0.3459      3.2 
  0.2646      3.3 
   0.344      3.3 
  0.3688      3.3 
  0.2983      3.3 
  0.3767      3.3 
  0.2988      3.3 
  0.3417      3.3 
  0.2802      3.3 
  0.2231      3.3 
  0.3505      3.3 
  0.2076      3.4 
  0.1767      3.4 
  0.1808      3.4 
  0.3666      3.4 
  0.2647      3.4 
  0.2508      3.4 
  0.1948      3.4 
  0.3657      3.4 
  0.3257      3.4 
  0.2528      3.4 
  0.3031      3.5 
  0.2489      3.5 
  0.3396      3.5 
  0.2321      3.5 
   0.241      3.5 
  0.2942      3.5 
  0.2498      3.5 
  0.2136      3.5 
  0.2373      3.5 
   0.186      3.5 
    0.23      3.6 
  0.2137      3.6 
  0.3051      3.6 
   0.236      3.6 
  0.2512      3.6 
  0.1984      3.6 
  0.1936      3.6 
  0.2139      3.6 
  0.2419      3.6 
  0.1998      3.6 
  0.1842      3.7 
  0.1835      3.7 
  0.2148      3.7 
  0.2441      3.7 
  0.2179      3.7 
  0.2313      3.7 
  0.1662      3.7 
  0.2254      3.7 
  0.1696      3.7 
  0.1603      3.7 
     0.2      3.8 
  0.2356      3.8 
   0.187      3.8 
    0.19      3.8 
  0.1878      3.8 
  0.1986      3.8 
  0.1368      3.8 
  0.1607      3.8 
  0.2017      3.8 
  0.1867      3.8 
  0.1682      3.9 
  0.1962      3.9 
  0.2071      3.9 
  0.1613      3.9 
  0.1515      3.9 
   0.164      3.9 
  0.3095      3.9 
  0.2098      3.9 
  0.1724      3.9 
  0.1492      3.9 
   0.192        4 
  0.1178        4 
  0.2364        4 
  0.1721        4 
  0.1564        4 
  0.1534        4 
  0.1691        4 
  0.1896        4 
  0.1225        4 
  0.1612        4 
  0.1271      4.1 
  0.1516      4.1 
  0.2559      4.1 
  0.2206      4.1 
  0.1501      4.1 
   0.179      4.1 
  0.1686      4.1 
  0.1725      4.1 
  0.1718      4.1 
  0.1626      4.1 
  0.1336      4.2 
  0.1877      4.2 
  0.1389      4.2 
  0.1258      4.2 
 0.09911      4.2 
  0.1696      4.2 
  0.1784      4.2 
  0.1506      4.2 
  0.1593      4.2 
  0.1617      4.2 
  0.2091      4.3 
  0.1572      4.3 
  0.1116      4.3 
  0.1503      4.3 
  0.1203      4.3 
  0.1168      4.3 
  0.1519      4.3 
  0.1629      4.3 
  0.1353      4.3 
  0.1284      4.3 
  0.1503      4.4 
 0.09016      4.4 
  0.1522      4.4 
  0.1192      4.4 
  0.1261      4.4 
  0.1329      4.4 
  0.1365      4.4 
  0.1207      4.4 
  0.1776      4.4 
   0.117      4.4 
  0.1386      4.5 
   0.155      4.5 
  0.1077      4.5 
  0.1401      4.5 
  0.1042      4.5 
  0.1056      4.5 
  0.1045      4.5 
  0.1047      4.5 
  0.1374      4.5 
   0.116      4.5 
  0.1223      4.6 
  0.1308      4.6 
  0.1606      4.6 
  0.1096      4.6 
  0.1383      4.6 
  0.1363      4.6 
  0.1152      4.6 
  0.1234      4.6 
  0.1317      4.6 
 0.09849      4.6 
  0.1037      4.7 
  0.1121      4.7 
  0.1414      4.7 
 0.08671      4.7 
 0.09283      4.7 
  0.1012      4.7 
 0.09551      4.7 
   0.136      4.7 
  0.1038      4.7 
 0.09258      4.7 
  0.1203      4.8 
 0.08453      4.8 
  0.1097      4.8 
  0.1227      4.8 
 0.08782      4.8 
 0.08692      4.8 
  0.1123      4.8 
  0.1072      4.8 
  0.1098      4.8 
  0.1082      4.8 
  0.1218      4.9 
  0.1068      4.9 
  0.1131      4.9 
  0.1244      4.9 
 0.07888      4.9 
  0.1464      4.9 
 0.08818      4.9 
  0.0971      4.9 
  0.1047      4.9 
 0.09284      4.9 
  0.1051        5 
 0.09041        5 
  0.0911        5 
 0.07192        5 
  0.1006        5 
 0.07401        5 
  0.1112        5 
 0.07388        5 
 0.09749        5 
 0.07748        5 
