       0      0.1 
       0      0.1 
       0      0.1 
       0      0.1 
       0      0.1 
       0      0.1 
       0      0.1 
       0      0.1 
       0      0.1 
       0      0.1 
       0      0.2 
       0      0.2 
       0      0.2 
       0      0.2 
       0      0.2 
       0      0.2 
       0      0.2 
       0      0.2 
       0      0.2 
       0      0.2 
       0      0.3 
       0      0.3 
       0      0.3 
       0      0.3 
       0      0.3 
       0      0.3 
       0      0.3 
       0      0.3 
       0      0.3 
       0      0.3 
       0      0.4 
       0      0.4 
       0      0.4 
       0      0.4 
       0      0.4 
       0      0.4 
       0      0.4 
       0      0.4 
       0      0.4 
       0      0.4 
       0      0.5 
       0      0.5 
       0      0.5 
       0      0.5 
       0      0.5 
       0      0.5 
       0      0.5 
       0      0.5 
       0      0.5 
       0      0.5 
       0      0.6 
       0      0.6 
       0      0.6 
       0      0.6 
       0      0.6 
       0      0.6 
       0      0.6 
       0      0.6 
       0      0.6 
       0      0.6 
       0      0.7 
       0      0.7 
       0      0.7 
       0      0.7 
       0      0.7 
       0      0.7 
       0      0.7 
       0      0.7 
       0      0.7 
       0      0.7 
       0      0.8 
       0      0.8 
       0      0.8 
       0      0.8 
       0      0.8 
       0      0.8 
       0      0.8 
       0      0.8 
       0      0.8 
       0      0.8 
       0      0.9 
  0.3872      0.9 
       0      0.9 
       0      0.9 
       0      0.9 
       0      0.9 
       0      0.9 
       0      0.9 
       0      0.9 
       0      0.9 
       0        1 
       0        1 
       0        1 
       0        1 
       0        1 
  0.1584        1 
       0        1 
       0        1 
       0        1 
       0        1 
       0      1.1 
       0      1.1 
       0      1.1 
       0      1.1 
  0.1309      1.1 
       0      1.1 
       0      1.1 
       0      1.1 
  0.2592      1.1 
       0      1.1 
       0      1.2 
       0      1.2 
    0.11      1.2 
  0.2178      1.2 
       0      1.2 
       0      1.2 
       0      1.2 
       0      1.2 
       0      1.2 
       0      1.2 
       0      1.3 
       0      1.3 
  0.2755      1.3 
       0      1.3 
       0      1.3 
       0      1.3 
  0.1856      1.3 
 0.09373      1.3 
 0.09373      1.3 
       0      1.3 
       0      1.4 
       0      1.4 
 0.08082      1.4 
       0      1.4 
       0      1.4 
    0.16      1.4 
       0      1.4 
       0      1.4 
       0      1.4 
       0      1.4 
       0      1.5 
       0      1.5 
  0.2069      1.5 
  0.1394      1.5 
  0.1394      1.5 
  0.2731      1.5 
  0.1394      1.5 
  0.2731      1.5 
  0.2731      1.5 
  0.2069      1.5 
  0.3525      1.6 
  0.1819      1.6 
  0.1819      1.6 
    0.24      1.6 
 0.06188      1.6 
  0.3525      1.6 
       0      1.6 
    0.46      1.6 
  0.2969      1.6 
  0.1225      1.6 
  0.2126      1.7 
  0.1611      1.7 
  0.1085      1.7 
  0.3122      1.7 
  0.1085      1.7 
  0.2126      1.7 
   0.263      1.7 
  0.2126      1.7 
       0      1.7 
  0.3122      1.7 
 0.04889      1.8 
 0.04889      1.8 
  0.2785      1.8 
  0.1437      1.8 
 0.09679      1.8 
  0.1896      1.8 
  0.2346      1.8 
  0.3215      1.8 
  0.3215      1.8 
  0.4444      1.8 
   0.129      1.9 
 0.08687      1.9 
  0.2885      1.9 
  0.3989      1.9 
  0.1702      1.9 
  0.3989      1.9 
  0.2885      1.9 
  0.1702      1.9 
  0.2105      1.9 
    0.25      1.9 
  0.1536        2 
  0.2604        2 
  0.1164        2 
  0.3916        2 
    0.19        2 
  0.2944        2 
  0.2604        2 
  0.2604        2 
  0.5616        2 
  0.3276        2 
  0.5119      2.1 
  0.4103      2.1 
  0.1393      2.1 
 0.03592      2.1 
   0.267      2.1 
  0.3552      2.1 
  0.2046      2.1 
  0.2046      2.1 
  0.4626      2.1 
  0.4626      2.1 
    0.44      2.2 
  0.3491      2.2 
  0.2975      2.2 
  0.2707      2.2 
  0.2433      2.2 
  0.2975      2.2 
  0.2975      2.2 
  0.4215      2.2 
   0.157      2.2 
  0.4215      2.2 
  0.3642      2.3 
  0.3421      2.3 
  0.5444      2.3 
  0.3856      2.3 
  0.3642      2.3 
  0.2722      2.3 
 0.08802      2.3 
  0.2961      2.3 
  0.2722      2.3 
  0.2226      2.3 
  0.2275      2.4 
  0.2933      2.4 
  0.3542      2.4 
  0.3142      2.4 
  0.4289      2.4 
  0.3344      2.4 
  0.2719      2.4 
  0.2044      2.4 
  0.3142      2.4 
  0.2933      2.4 
  0.3441      2.5 
   0.394      2.5 
  0.2895      2.5 
  0.2097      2.5 
  0.4452      2.5 
   0.394      2.5 
  0.3441      2.5 
  0.2703      2.5 
  0.2703      2.5 
  0.2703      2.5 
  0.3967      2.6 
  0.3493      2.6 
  0.3967      2.6 
   0.285      2.6 
  0.2317      2.6 
  0.3181      2.6 
  0.2499      2.6 
  0.4317      2.6 
  0.3181      2.6 
   0.213      2.6 
  0.2482      2.7 
  0.2798      2.7 
  0.5397      2.7 
  0.3097      2.7 
  0.2643      2.7 
  0.1615      2.7 
  0.3817      2.7 
   0.324      2.7 
  0.4765      2.7 
  0.2798      2.7 
  0.3502      2.8 
  0.4441      2.8 
  0.3141      2.8 
  0.3012      2.8 
  0.3614      2.8 
  0.4235      2.8 
  0.3614      2.8 
  0.1998      2.8 
   0.288      2.8 
  0.3386      2.8 
  0.2808      2.9 
  0.3156      2.9 
  0.4041      2.9 
  0.3835      2.9 
  0.3265      2.9 
  0.2928      2.9 
  0.2152      2.9 
  0.3537      2.9 
   0.347      2.9 
  0.3645      2.9 
  0.3556        3 
  0.3504        3 
  0.3305        3 
  0.3148        3 
   0.386        3 
  0.4286        3 
  0.3504        3 
  0.2844        3 
  0.3051        3 
  0.2624        3 
  0.2762      3.1 
  0.3681      3.1 
  0.4289      3.1 
  0.2762      3.1 
  0.2949      3.1 
  0.3615      3.1 
  0.2949      3.1 
  0.2857      3.1 
  0.2857      3.1 
  0.4014      3.1 
  0.3705      3.2 
  0.3392      3.2 
  0.2767      3.2 
  0.3392      3.2 
  0.2767      3.2 
    0.25      3.2 
  0.3217      3.2 
  0.3006      3.2 
  0.2767      3.2 
  0.2205      3.2 
   0.268      3.3 
  0.3491      3.3 
  0.2827      3.3 
  0.3379      3.3 
  0.2755      3.3 
  0.2755      3.3 
  0.2521      3.3 
  0.4012      3.3 
  0.2896      3.3 
  0.2827      3.3 
  0.2961      3.4 
  0.2595      3.4 
  0.3337      3.4 
   0.213      3.4 
   0.279      3.4 
  0.3466      3.4 
  0.2595      3.4 
  0.2525      3.4 
  0.3237      3.4 
  0.2728      3.4 
  0.3055      3.5 
  0.2574      3.5 
  0.3494      3.5 
  0.3097      3.5 
  0.3368      3.5 
  0.2743      3.5 
   0.271      3.5 
  0.3004      3.5 
  0.3212      3.5 
  0.3316      3.5 
  0.3017      3.6 
  0.2119      3.6 
  0.2927      3.6 
  0.3056      3.6 
  0.2909      3.6 
  0.3184      3.6 
  0.2375      3.6 
  0.2489      3.6 
  0.3832      3.6 
  0.3717      3.6 
  0.2454      3.7 
  0.3248      3.7 
  0.2482      3.7 
  0.2927      3.7 
  0.2693      3.7 
  0.2893      3.7 
  0.2865      3.7 
  0.2927      3.7 
  0.1725      3.7 
  0.1939      3.7 
  0.3586      3.8 
  0.3324      3.8 
  0.2921      3.8 
  0.2964      3.8 
  0.2611      3.8 
  0.1901      3.8 
  0.2184      3.8 
  0.2742      3.8 
  0.2184      3.8 
  0.2553      3.8 
  0.2923      3.9 
  0.2571      3.9 
  0.2563      3.9 
  0.2662      3.9 
  0.3252      3.9 
  0.2289      3.9 
  0.2452      3.9 
  0.1919      3.9 
  0.3041      3.9 
  0.2536      3.9 
  0.3156        4 
    0.21        4 
    0.28        4 
  0.2819        4 
  0.2651        4 
  0.2016        4 
  0.2171        4 
  0.2411        4 
  0.2211        4 
  0.3664        4 
  0.2409      4.1 
  0.3094      4.1 
  0.2071      4.1 
  0.2319      4.1 
  0.3331      4.1 
  0.2566      4.1 
  0.2409      4.1 
  0.2433      4.1 
  0.2714      4.1 
  0.2942      4.1 
  0.2158      4.2 
  0.1868      4.2 
  0.2979      4.2 
  0.2616      4.2 
  0.2137      4.2 
  0.2627      4.2 
  0.2416      4.2 
  0.2223      4.2 
  0.2416      4.2 
  0.2449      4.2 
  0.2056      4.3 
  0.2336      4.3 
  0.2212      4.3 
  0.2232      4.3 
  0.2142      4.3 
  0.2294      4.3 
  0.3025      4.3 
  0.2017      4.3 
  0.2128      4.3 
  0.1913      4.3 
  0.2179      4.4 
  0.2376      4.4 
  0.1993      4.4 
  0.2231      4.4 
  0.2314      4.4 
  0.2149      4.4 
  0.1947      4.4 
  0.1855      4.4 
  0.2559      4.4 
  0.2149      4.4 
  0.2178      4.5 
  0.1905      4.5 
   0.213      4.5 
   0.279      4.5 
  0.2595      4.5 
  0.2449      4.5 
  0.2421      4.5 
  0.1773      4.5 
  0.2126      4.5 
    0.26      4.5 
  0.1863      4.6 
  0.2343      4.6 
  0.2042      4.6 
  0.2029      4.6 
  0.2101      4.6 
  0.1966      4.6 
  0.2193      4.6 
  0.2014      4.6 
  0.2174      4.6 
  0.2132      4.6 
  0.1944      4.7 
   0.193      4.7 
   0.177      4.7 
  0.2239      4.7 
  0.1978      4.7 
  0.1549      4.7 
  0.2534      4.7 
  0.1851      4.7 
  0.1814      4.7 
  0.1851      4.7 
  0.1874      4.8 
  0.2097      4.8 
   0.158      4.8 
  0.1667      4.8 
  0.2014      4.8 
  0.2258      4.8 
  0.2153      4.8 
  0.1869      4.8 
  0.2011      4.8 
   0.215      4.8 
  0.1927      4.9 
  0.2065      4.9 
  0.2055      4.9 
    0.19      4.9 
    0.23      4.9 
  0.1799      4.9 
  0.1585      4.9 
  0.2175      4.9 
  0.2055      4.9 
  0.2023      4.9 
  0.1853        5 
  0.1943        5 
  0.1712        5 
  0.1712        5 
    0.16        5 
  0.1978        5 
  0.1855        5 
  0.1676        5 
  0.1559        5 
  0.1978        5 
