       0      0.1 
       0      0.1 
       0      0.1 
       0      0.1 
       0      0.1 
       0      0.1 
       0      0.1 
       0      0.1 
       0      0.1 
       0      0.1 
       0      0.2 
       0      0.2 
       0      0.2 
       0      0.2 
       0      0.2 
       0      0.2 
       0      0.2 
       0      0.2 
       0      0.2 
       0      0.2 
       0      0.3 
       0      0.3 
       0      0.3 
       0      0.3 
       0      0.3 
       0      0.3 
       0      0.3 
       0      0.3 
       0      0.3 
       0      0.3 
       0      0.4 
       0      0.4 
       0      0.4 
       0      0.4 
       0      0.4 
       0      0.4 
       0      0.4 
       0      0.4 
       0      0.4 
       0      0.4 
       0      0.5 
       0      0.5 
       0      0.5 
       0      0.5 
       0      0.5 
       0      0.5 
       0      0.5 
       0      0.5 
  0.1584      0.5 
       0      0.5 
       0      0.6 
       0      0.6 
       0      0.6 
       0      0.6 
       0      0.6 
       0      0.6 
       0      0.6 
       0      0.6 
       0      0.6 
       0      0.6 
       0      0.7 
       0      0.7 
       0      0.7 
       0      0.7 
       0      0.7 
       0      0.7 
       0      0.7 
       0      0.7 
       0      0.7 
       0      0.7 
       0      0.8 
       0      0.8 
       0      0.8 
       0      0.8 
       0      0.8 
       0      0.8 
       0      0.8 
       0      0.8 
       0      0.8 
       0      0.8 
       0      0.9 
       0      0.9 
       0      0.9 
       0      0.9 
       0      0.9 
 0.04889      0.9 
       0      0.9 
 0.04889      0.9 
       0      0.9 
       0      0.9 
       0        1 
  0.0784        1 
  0.0396        1 
  0.0784        1 
  0.0396        1 
  0.0396        1 
       0        1 
  0.0396        1 
  0.0396        1 
  0.0784        1 
       0      1.1 
 0.06479      1.1 
 0.03273      1.1 
       0      1.1 
 0.03273      1.1 
       0      1.1 
 0.03273      1.1 
 0.03273      1.1 
 0.03273      1.1 
       0      1.1 
    0.26      1.2 
 0.08083      1.2 
 0.05444      1.2 
  0.0275      1.2 
 0.05444      1.2 
       0      1.2 
       0      1.2 
  0.1147      1.2 
 0.08083      1.2 
  0.1319      1.2 
 0.06888      1.3 
  0.1808      1.3 
 0.02343      1.3 
       0      1.3 
 0.07544      1.3 
 0.04639      1.3 
  0.2215      1.3 
 0.02343      1.3 
  0.1616      1.3 
  0.2369      1.3 
 0.09694      1.4 
 0.05939      1.4 
  0.1151      1.4 
  0.1378      1.4 
 0.07837      1.4 
 0.09694      1.4 
  0.1329      1.4 
       0      1.4 
 0.09694      1.4 
  0.1329      1.4 
  0.2007      1.5 
  0.1872      1.5 
  0.1956      1.5 
  0.1308      1.5 
  0.3856      1.5 
  0.1662      1.5 
  0.4538      1.5 
  0.1157      1.5 
  0.1812      1.5 
  0.1569      1.5 
  0.2789      1.6 
  0.2422      1.6 
  0.2836      1.6 
  0.1942      1.6 
  0.3311      1.6 
   0.283      1.6 
  0.1201      1.6 
   0.202      1.6 
  0.1201      1.6 
  0.2959      1.6 
   0.404      1.7 
  0.2151      1.7 
   0.474      1.7 
  0.3209      1.7 
  0.5219      1.7 
  0.1618      1.7 
  0.2407      1.7 
  0.5114      1.7 
  0.5263      1.7 
  0.4116      1.7 
  0.4722      1.8 
  0.1844      1.8 
  0.2608      1.8 
   0.408      1.8 
  0.3302      1.8 
  0.3477      1.8 
  0.2007      1.8 
  0.2859      1.8 
  0.2633      1.8 
  0.3364      1.8 
   0.887      1.9 
  0.3072      1.9 
  0.7722      1.9 
  0.6365      1.9 
  0.3648      1.9 
  0.6263      1.9 
  0.4047      1.9 
  0.5169      1.9 
  0.4191      1.9 
  0.4967      1.9 
  0.7754        2 
  0.4665        2 
  0.5619        2 
  0.7543        2 
  0.3819        2 
  0.4983        2 
   1.075        2 
  0.5791        2 
  0.6449        2 
  0.4351        2 
  0.5278      2.1 
  0.3379      2.1 
   0.428      2.1 
  0.7727      2.1 
  0.9419      2.1 
   1.092      2.1 
  0.6246      2.1 
  0.5454      2.1 
  0.5298      2.1 
  0.5125      2.1 
  0.8822      2.2 
   0.705      2.2 
  0.5253      2.2 
  0.8102      2.2 
  0.7902      2.2 
  0.8382      2.2 
   0.429      2.2 
  0.6627      2.2 
  0.6095      2.2 
  0.7454      2.2 
  0.8435      2.3 
  0.8549      2.3 
  0.7816      2.3 
  0.5771      2.3 
  0.6945      2.3 
  0.7987      2.3 
  0.8521      2.3 
  0.7943      2.3 
   1.018      2.3 
  0.9643      2.3 
  0.9191      2.4 
   1.017      2.4 
   1.147      2.4 
  0.6328      2.4 
  0.7813      2.4 
  0.6406      2.4 
  0.6888      2.4 
  0.7856      2.4 
  0.7189      2.4 
  0.8795      2.4 
  0.9036      2.5 
  0.7097      2.5 
  0.7382      2.5 
  0.8098      2.5 
  0.7219      2.5 
  0.5936      2.5 
   0.778      2.5 
  0.7567      2.5 
  0.7042      2.5 
  0.7645      2.5 
  0.7366      2.6 
  0.8739      2.6 
  0.7375      2.6 
  0.7427      2.6 
  0.8074      2.6 
  0.8382      2.6 
  0.8384      2.6 
  0.8848      2.6 
  0.8197      2.6 
  0.8238      2.6 
  0.7899      2.7 
  0.8289      2.7 
  0.7284      2.7 
  0.6861      2.7 
  0.7844      2.7 
  0.7173      2.7 
  0.6267      2.7 
   0.556      2.7 
  0.7514      2.7 
  0.7692      2.7 
  0.7767      2.8 
  0.6252      2.8 
  0.7138      2.8 
  0.6584      2.8 
  0.7711      2.8 
  0.5227      2.8 
  0.6136      2.8 
   0.611      2.8 
  0.6676      2.8 
  0.6495      2.8 
  0.6264      2.9 
  0.7078      2.9 
  0.7681      2.9 
  0.6718      2.9 
  0.4685      2.9 
  0.7334      2.9 
  0.5889      2.9 
  0.6654      2.9 
  0.5541      2.9 
  0.6407      2.9 
  0.5393        3 
  0.5356        3 
  0.6322        3 
  0.7296        3 
  0.5742        3 
  0.7053        3 
  0.6016        3 
  0.6366        3 
  0.6931        3 
  0.6202        3 
  0.4355      3.1 
  0.5877      3.1 
    0.65      3.1 
  0.6022      3.1 
  0.5511      3.1 
  0.5334      3.1 
  0.5252      3.1 
  0.5286      3.1 
   0.624      3.1 
  0.4458      3.1 
  0.3994      3.2 
  0.3722      3.2 
  0.4275      3.2 
  0.4865      3.2 
  0.4642      3.2 
  0.4842      3.2 
  0.4048      3.2 
  0.5447      3.2 
   0.429      3.2 
  0.4297      3.2 
   0.458      3.3 
  0.4597      3.3 
  0.3844      3.3 
  0.3917      3.3 
  0.4562      3.3 
  0.4265      3.3 
  0.4063      3.3 
  0.4102      3.3 
  0.5001      3.3 
  0.4118      3.3 
  0.4208      3.4 
  0.3432      3.4 
  0.4576      3.4 
  0.5045      3.4 
  0.3986      3.4 
  0.5627      3.4 
  0.3339      3.4 
  0.3416      3.4 
  0.3707      3.4 
  0.4146      3.4 
  0.4197      3.5 
  0.3347      3.5 
  0.3231      3.5 
  0.3631      3.5 
  0.4024      3.5 
  0.4162      3.5 
  0.3626      3.5 
  0.4384      3.5 
   0.408      3.5 
  0.3104      3.5 
  0.3377      3.6 
  0.3278      3.6 
  0.2506      3.6 
  0.3679      3.6 
  0.2624      3.6 
  0.2643      3.6 
  0.2355      3.6 
  0.3542      3.6 
  0.3403      3.6 
  0.3519      3.6 
  0.2508      3.7 
  0.2428      3.7 
  0.2673      3.7 
  0.2694      3.7 
   0.318      3.7 
  0.3461      3.7 
  0.2927      3.7 
  0.3416      3.7 
  0.2827      3.7 
  0.3075      3.7 
  0.3682      3.8 
  0.3209      3.8 
  0.2721      3.8 
  0.2311      3.8 
  0.1794      3.8 
  0.2387      3.8 
  0.2403      3.8 
  0.2518      3.8 
  0.3426      3.8 
  0.2868      3.8 
  0.2498      3.9 
  0.2716      3.9 
  0.2911      3.9 
  0.2952      3.9 
  0.2347      3.9 
  0.2562      3.9 
  0.2697      3.9 
  0.2858      3.9 
  0.2668      3.9 
  0.3044      3.9 
  0.1599        4 
  0.2234        4 
  0.3143        4 
  0.2836        4 
  0.2788        4 
  0.2093        4 
  0.2436        4 
  0.2329        4 
  0.1881        4 
  0.2648        4 
   0.267      4.1 
  0.2087      4.1 
   0.273      4.1 
  0.2415      4.1 
  0.1608      4.1 
  0.2642      4.1 
  0.2163      4.1 
  0.1715      4.1 
   0.231      4.1 
  0.2718      4.1 
  0.2441      4.2 
  0.2094      4.2 
  0.2305      4.2 
  0.2258      4.2 
  0.1924      4.2 
  0.1627      4.2 
  0.1944      4.2 
  0.2295      4.2 
  0.2052      4.2 
   0.161      4.2 
  0.1656      4.3 
  0.1682      4.3 
    0.25      4.3 
  0.2373      4.3 
  0.2028      4.3 
  0.1514      4.3 
  0.1893      4.3 
  0.1632      4.3 
  0.1922      4.3 
   0.198      4.3 
  0.1346      4.4 
  0.1577      4.4 
  0.1124      4.4 
  0.1915      4.4 
  0.1337      4.4 
  0.1786      4.4 
  0.1844      4.4 
  0.1413      4.4 
  0.1935      4.4 
   0.191      4.4 
  0.1399      4.5 
  0.1067      4.5 
  0.1478      4.5 
  0.1488      4.5 
  0.1877      4.5 
  0.1842      4.5 
  0.1159      4.5 
  0.1852      4.5 
  0.1906      4.5 
  0.2113      4.5 
  0.1946      4.6 
  0.1573      4.6 
  0.2055      4.6 
  0.1448      4.6 
  0.1778      4.6 
  0.1362      4.6 
  0.1624      4.6 
  0.1257      4.6 
 0.07786      4.6 
  0.1545      4.6 
  0.1541      4.7 
   0.127      4.7 
  0.1934      4.7 
  0.1459      4.7 
   0.131      4.7 
  0.1319      4.7 
  0.1108      4.7 
  0.1306      4.7 
  0.1673      4.7 
 0.09225      4.7 
   0.148      4.8 
  0.1693      4.8 
  0.1056      4.8 
  0.1626      4.8 
  0.1322      4.8 
  0.1378      4.8 
  0.1019      4.8 
  0.1002      4.8 
  0.1292      4.8 
  0.1323      4.8 
  0.1016      4.9 
   0.109      4.9 
    0.12      4.9 
  0.1541      4.9 
  0.1194      4.9 
  0.1116      4.9 
  0.1357      4.9 
  0.1332      4.9 
   0.109      4.9 
  0.1049      4.9 
 0.09972        5 
  0.1036        5 
  0.1236        5 
  0.1191        5 
  0.1162        5 
  0.1097        5 
   0.104        5 
  0.1116        5 
  0.1625        5 
 0.08036        5 
