       0      0.1 
       0      0.2 
       0      0.3 
       0      0.4 
       0      0.5 
       0      0.6 
       0      0.7 
       0      0.8 
       0      0.9 
       0        1 
       0      1.1 
       0      1.2 
 0.04717      1.3 
  0.1822      1.4 
   0.297      1.5 
  0.3996      1.6 
  0.4966      1.7 
  0.5948      1.8 
  0.7029      1.9 
  0.8355        2 
   1.026      2.1 
   1.405      2.2 
   1.675      2.3 
  0.8992      2.4 
  0.5973      2.5 
  0.4167      2.6 
  0.2941      2.7 
  0.2057      2.8 
  0.1395      2.9 
 0.08873        3 
 0.04911      3.1 
 0.01783      3.2 
       0      3.3 
       0      3.4 
       0      3.5 
       0      3.6 
       0      3.7 
       0      3.8 
       0      3.9 
       0        4 
       0      4.1 
       0      4.2 
       0      4.3 
       0      4.4 
       0      4.5 
       0      4.6 
       0      4.7 
       0      4.8 
       0      4.9 
       0        5 
