       0      0.1 
       0      0.2 
       0      0.3 
       0      0.4 
       0      0.5 
       0      0.6 
 0.00194      0.7 
 0.00485      0.8 
 0.01214      0.9 
 0.02503        1 
 0.04078      1.1 
 0.06141      1.2 
 0.09077      1.3 
  0.1589      1.4 
  0.1992      1.5 
  0.2507      1.6 
  0.3659      1.7 
   0.408      1.8 
  0.5363      1.9 
  0.7112        2 
   0.841      2.1 
   1.196      2.2 
   1.527      2.3 
   1.338      2.4 
  0.9366      2.5 
  0.6552      2.6 
  0.5199      2.7 
  0.5494      2.8 
  0.4331      2.9 
  0.3699        3 
  0.3754      3.1 
  0.3173      3.2 
  0.2735      3.3 
  0.2753      3.4 
  0.2537      3.5 
  0.2185      3.6 
  0.1934      3.7 
  0.1785      3.8 
  0.1919      3.9 
  0.1751        4 
  0.1544      4.1 
  0.1547      4.2 
  0.1318      4.3 
  0.1194      4.4 
  0.1166      4.5 
   0.115      4.6 
  0.1249      4.7 
 0.09991      4.8 
  0.1057      4.9 
  0.1015        5 
