       0      0.1 
       0      0.1 
       0      0.1 
       0      0.1 
       0      0.1 
       0      0.1 
       0      0.1 
       0      0.1 
       0      0.1 
       0      0.1 
       0      0.2 
       0      0.2 
       0      0.2 
       0      0.2 
       0      0.2 
       0      0.2 
       0      0.2 
       0      0.2 
       0      0.2 
       0      0.2 
       0      0.3 
       0      0.3 
       0      0.3 
       0      0.3 
       0      0.3 
       0      0.3 
       0      0.3 
       0      0.3 
       0      0.3 
       0      0.3 
       0      0.4 
       0      0.4 
       0      0.4 
       0      0.4 
       0      0.4 
       0      0.4 
       0      0.4 
       0      0.4 
       0      0.4 
       0      0.4 
       0      0.5 
       0      0.5 
       0      0.5 
       0      0.5 
       0      0.5 
       0      0.5 
       0      0.5 
       0      0.5 
       0      0.5 
       0      0.5 
       0      0.6 
       0      0.6 
       0      0.6 
       0      0.6 
       0      0.6 
       0      0.6 
       0      0.6 
       0      0.6 
       0      0.6 
       0      0.6 
0.003233      0.7 
0.003233      0.7 
       0      0.7 
0.003233      0.7 
       0      0.7 
0.003233      0.7 
0.003233      0.7 
0.003233      0.7 
       0      0.7 
       0      0.7 
 0.01687      0.8 
  0.0049      0.8 
       0      0.8 
  0.0096      0.8 
0.002475      0.8 
  0.0049      0.8 
0.002475      0.8 
       0      0.8 
0.007275      0.8 
       0      0.8 
 0.01286      0.9 
 0.01454      0.9 
0.009383      0.9 
 0.01681      0.9 
 0.00997      0.9 
0.007585      0.9 
 0.01286      0.9 
0.009383      0.9 
 0.01286      0.9 
 0.01519      0.9 
 0.03432        1 
 0.02566        1 
  0.0131        1 
  0.0201        1 
 0.01178        1 
  0.0169        1 
 0.01178        1 
 0.03878        1 
 0.04814        1 
 0.02974        1 
 0.04581      1.1 
 0.04583      1.1 
 0.03481      1.1 
 0.04435      1.1 
 0.04224      1.1 
  0.0441      1.1 
 0.03534      1.1 
 0.04554      1.1 
 0.03338      1.1 
 0.03643      1.1 
 0.04944      1.2 
 0.05854      1.2 
 0.03236      1.2 
 0.06429      1.2 
 0.06605      1.2 
 0.07188      1.2 
 0.06312      1.2 
 0.07973      1.2 
 0.04805      1.2 
  0.0806      1.2 
  0.0829      1.3 
 0.09065      1.3 
 0.08318      1.3 
  0.0629      1.3 
 0.08098      1.3 
  0.1086      1.3 
 0.07507      1.3 
  0.1042      1.3 
  0.1018      1.3 
  0.1175      1.3 
  0.1881      1.4 
  0.1928      1.4 
  0.1379      1.4 
  0.1263      1.4 
  0.1704      1.4 
  0.1461      1.4 
  0.1155      1.4 
   0.156      1.4 
   0.159      1.4 
  0.1965      1.4 
  0.1936      1.5 
  0.2018      1.5 
  0.2093      1.5 
  0.2554      1.5 
  0.2056      1.5 
  0.1705      1.5 
  0.2279      1.5 
  0.2358      1.5 
  0.1642      1.5 
  0.1275      1.5 
  0.2888      1.6 
  0.2246      1.6 
   0.171      1.6 
  0.2428      1.6 
  0.2684      1.6 
  0.1738      1.6 
  0.3346      1.6 
  0.2983      1.6 
  0.2914      1.6 
  0.2132      1.6 
  0.3008      1.7 
  0.3513      1.7 
  0.3539      1.7 
  0.4576      1.7 
  0.3031      1.7 
  0.4445      1.7 
  0.2622      1.7 
  0.3536      1.7 
  0.3766      1.7 
  0.4558      1.7 
  0.3574      1.8 
  0.3094      1.8 
  0.4359      1.8 
  0.3262      1.8 
  0.4424      1.8 
  0.4296      1.8 
  0.4304      1.8 
  0.4321      1.8 
  0.4588      1.8 
  0.4581      1.8 
  0.4406      1.9 
  0.3831      1.9 
  0.5232      1.9 
  0.5517      1.9 
  0.4241      1.9 
  0.5191      1.9 
   0.883      1.9 
  0.5008      1.9 
   0.589      1.9 
  0.5481      1.9 
  0.8146        2 
  0.9568        2 
  0.8837        2 
  0.6056        2 
  0.6013        2 
  0.6085        2 
  0.7428        2 
  0.4879        2 
  0.7645        2 
  0.6462        2 
  0.7084      2.1 
   1.082      2.1 
  0.8261      2.1 
  0.6909      2.1 
  0.8978      2.1 
  0.7388      2.1 
  0.7274      2.1 
  0.9936      2.1 
  0.8066      2.1 
  0.9379      2.1 
   1.721      2.2 
   1.166      2.2 
   1.158      2.2 
   1.343      2.2 
  0.9962      2.2 
   1.029      2.2 
   1.045      2.2 
   1.228      2.2 
   1.301      2.2 
  0.9703      2.2 
   2.393      2.3 
   1.457      2.3 
   1.061      2.3 
    1.52      2.3 
    1.33      2.3 
   1.229      2.3 
   1.594      2.3 
   2.364      2.3 
  0.9466      2.3 
    1.38      2.3 
   1.135      2.4 
  0.9598      2.4 
   1.725      2.4 
   0.687      2.4 
   1.661      2.4 
   1.163      2.4 
   1.455      2.4 
   1.375      2.4 
   1.807      2.4 
   1.409      2.4 
  0.8093      2.5 
  0.7436      2.5 
  0.7408      2.5 
  0.9323      2.5 
  0.8085      2.5 
  0.8122      2.5 
   1.185      2.5 
  0.8272      2.5 
   1.211      2.5 
   1.296      2.5 
  0.6553      2.6 
  0.8759      2.6 
   0.832      2.6 
  0.6147      2.6 
  0.6655      2.6 
  0.6439      2.6 
  0.6696      2.6 
  0.4617      2.6 
   0.486      2.6 
  0.6475      2.6 
   0.527      2.7 
  0.4564      2.7 
  0.5907      2.7 
  0.5181      2.7 
  0.5143      2.7 
  0.5075      2.7 
  0.5726      2.7 
  0.4714      2.7 
  0.4285      2.7 
  0.6123      2.7 
  0.4869      2.8 
  0.4224      2.8 
   0.493      2.8 
  0.7639      2.8 
  0.8031      2.8 
  0.4608      2.8 
  0.5492      2.8 
  0.4729      2.8 
  0.5284      2.8 
  0.5138      2.8 
   0.431      2.9 
  0.3767      2.9 
  0.4433      2.9 
  0.5103      2.9 
  0.4388      2.9 
   0.362      2.9 
  0.4365      2.9 
  0.4454      2.9 
   0.603      2.9 
  0.2844      2.9 
  0.4333        3 
  0.2688        3 
  0.3086        3 
  0.3058        3 
  0.4558        3 
  0.3707        3 
  0.4602        3 
    0.35        3 
  0.3403        3 
  0.4056        3 
  0.4447      3.1 
  0.3815      3.1 
  0.3114      3.1 
  0.3731      3.1 
  0.4249      3.1 
  0.4145      3.1 
  0.3654      3.1 
  0.3069      3.1 
  0.3418      3.1 
  0.3897      3.1 
  0.2878      3.2 
  0.3659      3.2 
  0.2895      3.2 
  0.1991      3.2 
  0.3777      3.2 
  0.3919      3.2 
   0.338      3.2 
   0.317      3.2 
  0.3394      3.2 
   0.267      3.2 
  0.2435      3.3 
  0.2143      3.3 
  0.3437      3.3 
  0.3025      3.3 
  0.3547      3.3 
  0.2048      3.3 
   0.321      3.3 
  0.2611      3.3 
   0.282      3.3 
   0.207      3.3 
  0.3128      3.4 
    0.24      3.4 
  0.2417      3.4 
   0.299      3.4 
  0.3249      3.4 
  0.2454      3.4 
  0.3054      3.4 
  0.2109      3.4 
  0.2945      3.4 
  0.2787      3.4 
  0.2002      3.5 
  0.2246      3.5 
  0.2481      3.5 
  0.2384      3.5 
  0.2741      3.5 
   0.317      3.5 
  0.2513      3.5 
  0.2706      3.5 
  0.2839      3.5 
  0.2289      3.5 
  0.2586      3.6 
  0.1843      3.6 
  0.1732      3.6 
  0.2601      3.6 
  0.2579      3.6 
  0.2847      3.6 
  0.1748      3.6 
  0.1644      3.6 
  0.2053      3.6 
  0.2219      3.6 
  0.2062      3.7 
  0.1959      3.7 
  0.1879      3.7 
  0.1662      3.7 
  0.1614      3.7 
  0.2199      3.7 
  0.2346      3.7 
   0.166      3.7 
  0.1659      3.7 
  0.2304      3.7 
  0.1728      3.8 
  0.1691      3.8 
  0.2157      3.8 
  0.2028      3.8 
  0.1767      3.8 
  0.1942      3.8 
   0.153      3.8 
  0.1559      3.8 
  0.1524      3.8 
  0.1922      3.8 
  0.1345      3.9 
  0.2171      3.9 
  0.2487      3.9 
  0.1572      3.9 
  0.2412      3.9 
  0.1978      3.9 
  0.2538      3.9 
  0.1678      3.9 
  0.1233      3.9 
  0.1774      3.9 
  0.1337        4 
  0.1612        4 
  0.1536        4 
   0.202        4 
  0.1392        4 
  0.2377        4 
  0.1555        4 
   0.183        4 
  0.1638        4 
  0.2214        4 
  0.1091      4.1 
  0.1604      4.1 
  0.1363      4.1 
  0.1306      4.1 
  0.2113      4.1 
  0.1672      4.1 
  0.1577      4.1 
  0.1558      4.1 
  0.1377      4.1 
  0.1779      4.1 
  0.1679      4.2 
   0.127      4.2 
  0.2013      4.2 
  0.1477      4.2 
  0.2193      4.2 
  0.1239      4.2 
  0.1355      4.2 
  0.1155      4.2 
   0.175      4.2 
  0.1343      4.2 
  0.1218      4.3 
   0.125      4.3 
  0.1436      4.3 
  0.1113      4.3 
  0.1354      4.3 
  0.1313      4.3 
    0.12      4.3 
  0.1489      4.3 
  0.1524      4.3 
   0.129      4.3 
  0.1106      4.4 
  0.1181      4.4 
  0.1001      4.4 
  0.1062      4.4 
   0.117      4.4 
  0.1122      4.4 
  0.1542      4.4 
 0.09966      4.4 
  0.1253      4.4 
  0.1504      4.4 
  0.1673      4.5 
 0.09696      4.5 
  0.1188      4.5 
   0.139      4.5 
  0.1426      4.5 
 0.08626      4.5 
 0.08736      4.5 
  0.1144      4.5 
 0.09654      4.5 
  0.1168      4.5 
  0.1065      4.6 
  0.1171      4.6 
  0.1201      4.6 
  0.1427      4.6 
 0.09306      4.6 
 0.07736      4.6 
   0.115      4.6 
  0.1022      4.6 
  0.1176      4.6 
  0.1587      4.6 
  0.1438      4.7 
  0.1374      4.7 
  0.1163      4.7 
  0.1098      4.7 
  0.1297      4.7 
 0.08832      4.7 
  0.1373      4.7 
  0.1209      4.7 
  0.1443      4.7 
  0.1211      4.7 
 0.08505      4.8 
  0.0887      4.8 
  0.1002      4.8 
 0.08529      4.8 
  0.0915      4.8 
    0.14      4.8 
  0.1162      4.8 
 0.09522      4.8 
 0.09291      4.8 
   0.104      4.8 
  0.1112      4.9 
  0.1095      4.9 
 0.09672      4.9 
 0.09377      4.9 
  0.1018      4.9 
  0.1271      4.9 
  0.1256      4.9 
 0.09356      4.9 
  0.1096      4.9 
 0.08777      4.9 
 0.08973        5 
 0.09831        5 
 0.08915        5 
  0.1024        5 
 0.09452        5 
  0.1133        5 
  0.1015        5 
  0.1208        5 
  0.1223        5 
 0.08312        5 
